<?xml version="1.0" encoding="UTF-8"?>
<testsuite xmlns:xsi="http://www.w3.org/2001/XMLSchema-instance" xsi:noNamespaceSchemaLocation="https://maven.apache.org/surefire/maven-surefire-plugin/xsd/surefire-test-report-3.0.xsd" version="3.0" name="com.udemy.springpetclinic.SpringPetClinicApplicationTests" time="12.751" tests="1" errors="0" skipped="0" failures="0">
  <properties>
[...]
</properties>
  <testcase name="contextLoads" classname="com.udemy.springpetclinic.SpringPetClinicApplicationTests" time="1.258">
    <system-out><![CDATA[18:12:32.553 [main] INFO org.springframework.test.context.support.AnnotationConfigContextLoaderUtils -- Could not detect default configuration classes for test class [com.udemy.springpetclinic.SpringPetClinicApplicationTests]: SpringPetClinicApplicationTests does not declare any static, non-private, non-final, nested classes annotated with @Configuration.
18:12:32.683 [main] INFO org.springframework.boot.test.context.SpringBootTestContextBootstrapper -- Found @SpringBootConfiguration com.udemy.springpetclinic.SpringPetClinicApplication for test class com.udemy.springpetclinic.SpringPetClinicApplicationTests

  .   ____          _            __ _ _
 /\\ / ___'_ __ _ _(_)_ __  __ _ \ \ \ \
( ( )\___ | '_ | '_| | '_ \/ _` | \ \ \ \
 \\/  ___)| |_)| | | | | || (_| |  ) ) ) )
  '  |____| .__|_| |_|_| |_\__, | / / / /
 =========|_|==============|___/=/_/_/_/
 :: Spring Boot ::                (v3.1.4)

2023-10-09T18:12:33.357+02:00  INFO 12036 --- [           main] c.u.s.SpringPetClinicApplicationTests    : Starting SpringPetClinicApplicationTests using Java 20.0.2 with PID 12036 (started by guitc in C:\Users\guitc\OneDrive\Bureau\Code\Java\Spring\udemy\spring-pet-clinic\pet-clinic-web)
2023-10-09T18:12:33.358+02:00  INFO 12036 --- [           main] c.u.s.SpringPetClinicApplicationTests    : The following 1 profile is active: "springdatajpa"
2023-10-09T18:12:34.801+02:00  INFO 12036 --- [           main] .s.d.r.c.RepositoryConfigurationDelegate : Bootstrapping Spring Data JPA repositories in DEFAULT mode.
2023-10-09T18:12:34.903+02:00  INFO 12036 --- [           main] .s.d.r.c.RepositoryConfigurationDelegate : Finished Spring Data repository scanning in 83 ms. Found 6 JPA repository interfaces.
2023-10-09T18:12:35.678+02:00  INFO 12036 --- [           main] com.zaxxer.hikari.HikariDataSource       : HikariPool-1 - Starting...
2023-10-09T18:12:35.928+02:00  INFO 12036 --- [           main] com.zaxxer.hikari.pool.HikariPool        : HikariPool-1 - Added connection conn0: url=jdbc:h2:mem:76c52d1c-e017-4bae-9396-2c0c27eabec5 user=SA
2023-10-09T18:12:35.931+02:00  INFO 12036 --- [           main] com.zaxxer.hikari.HikariDataSource       : HikariPool-1 - Start completed.
2023-10-09T18:12:36.021+02:00  INFO 12036 --- [           main] o.hibernate.jpa.internal.util.LogHelper  : HHH000204: Processing PersistenceUnitInfo [name: default]
2023-10-09T18:12:36.174+02:00  INFO 12036 --- [           main] org.hibernate.Version                    : HHH000412: Hibernate ORM core version 6.2.9.Final
2023-10-09T18:12:36.177+02:00  INFO 12036 --- [           main] org.hibernate.cfg.Environment            : HHH000406: Using bytecode reflection optimizer
2023-10-09T18:12:36.479+02:00  INFO 12036 --- [           main] o.h.b.i.BytecodeProviderInitiator        : HHH000021: Bytecode provider name : bytebuddy
2023-10-09T18:12:36.713+02:00  INFO 12036 --- [           main] o.s.o.j.p.SpringPersistenceUnitInfo      : No LoadTimeWeaver setup: ignoring JPA class transformer
2023-10-09T18:12:37.221+02:00  INFO 12036 --- [           main] o.h.b.i.BytecodeProviderInitiator        : HHH000021: Bytecode provider name : bytebuddy
2023-10-09T18:12:38.289+02:00  INFO 12036 --- [           main] o.h.e.t.j.p.i.JtaPlatformInitiator       : HHH000490: Using JtaPlatform implementation: [org.hibernate.engine.transaction.jta.platform.internal.NoJtaPlatform]
2023-10-09T18:12:38.371+02:00  INFO 12036 --- [           main] j.LocalContainerEntityManagerFactoryBean : Initialized JPA EntityManagerFactory for persistence unit 'default'
2023-10-09T18:12:40.013+02:00  WARN 12036 --- [           main] JpaBaseConfiguration$JpaWebConfiguration : spring.jpa.open-in-view is enabled by default. Therefore, database queries may be performed during view rendering. Explicitly configure spring.jpa.open-in-view to disable this warning
2023-10-09T18:12:40.414+02:00  INFO 12036 --- [           main] o.s.b.a.w.s.WelcomePageHandlerMapping    : Adding welcome page template: index
2023-10-09T18:12:42.698+02:00  INFO 12036 --- [           main] o.s.b.a.e.web.EndpointLinksResolver      : Exposing 1 endpoint(s) beneath base path '/actuator'
2023-10-09T18:12:43.000+02:00  INFO 12036 --- [           main] c.u.s.SpringPetClinicApplicationTests    : Started SpringPetClinicApplicationTests in 10.096 seconds (process running for 11.438)
Loaded Owners....
Loaded Vets....
]]></system-out>
  </testcase>
</testsuite>